<?xml version="1.0" encoding="UTF-8"?>
<!-- Generated by org.testng.reporters.JUnitReportReporter -->
<testsuite skipped="0" hostname="HP" name="TestCases.TestCase1" tests="2" failures="0" timestamp="05 Jan 2019 11:40:26 GMT" time="52.509" errors="0">
  <testcase name="f1" time="35.427" classname="TestCases.TestCase1"/>
  <testcase name="f" time="17.082" classname="TestCases.TestCase1"/>
</testsuite> <!-- TestCases.TestCase1 -->
